<?xml version="1.0" encoding="UTF-8"?>
<testng-results skipped="0" failed="1" total="1" passed="0">
  <reporter-output>
    <line>
      <![CDATA[Failed Screen Shot Path：D:\eclipseWorkSpace\elongTest\ExceptionScreenshotImg\Appium.elongTest.H5Test\Appium.elongTest.H5Test-testH5-2016-08-03-15-34-13.png]]>
    </line>
  </reporter-output>
  <suite name="Default suite" duration-ms="61974" started-at="2016-08-03T07:33:13Z" finished-at="2016-08-03T07:34:15Z">
    <groups>
    </groups>
    <test name="Default test" duration-ms="61974" started-at="2016-08-03T07:33:13Z" finished-at="2016-08-03T07:34:15Z">
      <class name="Appium.elongTest.H5Test">
        <test-method status="PASS" signature="distoryScreenShot()[pri:0, instance:Appium.elongTest.H5Test@67ac55ac]" name="distoryScreenShot" is-config="true" duration-ms="9" started-at="2016-08-03T15:33:13Z" finished-at="2016-08-03T15:33:13Z">
          <reporter-output>
          </reporter-output>
        </test-method> <!-- distoryScreenShot -->
        <test-method status="PASS" signature="setUpAndroidDriver()[pri:0, instance:Appium.elongTest.H5Test@67ac55ac]" name="setUpAndroidDriver" is-config="true" duration-ms="13619" started-at="2016-08-03T15:33:13Z" finished-at="2016-08-03T15:33:27Z">
          <reporter-output>
          </reporter-output>
        </test-method> <!-- setUpAndroidDriver -->
        <test-method status="FAIL" signature="testH5(java.lang.Object)[pri:0, instance:Appium.elongTest.H5Test@67ac55ac]" name="testH5" duration-ms="45967" started-at="2016-08-03T15:33:27Z" data-provider="testdp" finished-at="2016-08-03T15:34:13Z">
          <params>
            <param index="0">
              <value>
                <![CDATA[4]]>
              </value>
            </param>
          </params>
          <exception class="java.lang.IllegalStateException">
            <message>
              <![CDATA[页面未加载完毕或者找不到元素]]>
            </message>
            <full-stacktrace>
              <![CDATA[java.lang.IllegalStateException: 页面未加载完毕或者找不到元素
	at com.elong.air.appium.base.BaseAppPage.<init>(BaseAppPage.java:100)
	at com.elong.air.appium.PageObjects.AirListPage.<init>(AirListPage.java:20)
	at com.elong.air.appium.PageObjects.FlightHomePage.searchButton(FlightHomePage.java:104)
	at Appium.elongTest.H5Test.testH5(H5Test.java:27)
	at sun.reflect.NativeMethodAccessorImpl.invoke0(Native Method)
	at sun.reflect.NativeMethodAccessorImpl.invoke(NativeMethodAccessorImpl.java:57)
	at sun.reflect.DelegatingMethodAccessorImpl.invoke(DelegatingMethodAccessorImpl.java:43)
	at java.lang.reflect.Method.invoke(Method.java:601)
	at org.testng.internal.MethodInvocationHelper.invokeMethod(MethodInvocationHelper.java:85)
	at org.testng.internal.Invoker.invokeMethod(Invoker.java:639)
	at org.testng.internal.Invoker.invokeTestMethod(Invoker.java:816)
	at org.testng.internal.Invoker.invokeTestMethods(Invoker.java:1124)
	at org.testng.internal.TestMethodWorker.invokeTestMethods(TestMethodWorker.java:125)
	at org.testng.internal.TestMethodWorker.run(TestMethodWorker.java:108)
	at org.testng.TestRunner.privateRun(TestRunner.java:774)
	at org.testng.TestRunner.run(TestRunner.java:624)
	at org.testng.SuiteRunner.runTest(SuiteRunner.java:359)
	at org.testng.SuiteRunner.runSequentially(SuiteRunner.java:354)
	at org.testng.SuiteRunner.privateRun(SuiteRunner.java:312)
	at org.testng.SuiteRunner.run(SuiteRunner.java:261)
	at org.testng.SuiteRunnerWorker.runSuite(SuiteRunnerWorker.java:52)
	at org.testng.SuiteRunnerWorker.run(SuiteRunnerWorker.java:86)
	at org.testng.TestNG.runSuitesSequentially(TestNG.java:1191)
	at org.testng.TestNG.runSuitesLocally(TestNG.java:1116)
	at org.testng.TestNG.run(TestNG.java:1024)
	at org.testng.remote.RemoteTestNG.run(RemoteTestNG.java:112)
	at org.testng.remote.RemoteTestNG.initAndRun(RemoteTestNG.java:205)
	at org.testng.remote.RemoteTestNG.main(RemoteTestNG.java:176)
]]>
            </full-stacktrace>
          </exception> <!-- java.lang.IllegalStateException -->
          <reporter-output>
            <line>
              <![CDATA[Failed Screen Shot Path：D:\eclipseWorkSpace\elongTest\ExceptionScreenshotImg\Appium.elongTest.H5Test\Appium.elongTest.H5Test-testH5-2016-08-03-15-34-13.png]]>
            </line>
          </reporter-output>
        </test-method> <!-- testH5 -->
        <test-method status="PASS" signature="distoryDriver()[pri:0, instance:Appium.elongTest.H5Test@67ac55ac]" name="distoryDriver" is-config="true" duration-ms="1361" started-at="2016-08-03T15:34:14Z" finished-at="2016-08-03T15:34:15Z">
          <reporter-output>
          </reporter-output>
        </test-method> <!-- distoryDriver -->
      </class> <!-- Appium.elongTest.H5Test -->
    </test> <!-- Default test -->
  </suite> <!-- Default suite -->
</testng-results>
