<?xml version="1.0" encoding="UTF-8"?>
<testng-results skipped="0" failed="0" total="1" passed="1">
  <reporter-output>
  </reporter-output>
  <suite name="Default suite" duration-ms="10489" started-at="2016-07-12T06:37:02Z" finished-at="2016-07-12T06:37:12Z">
    <groups>
    </groups>
    <test name="Default test" duration-ms="10489" started-at="2016-07-12T06:37:02Z" finished-at="2016-07-12T06:37:12Z">
      <class name="Appium.elongTest.AppTest">
        <test-method status="PASS" signature="distoryScreenShot()[pri:0, instance:Appium.elongTest.AppTest@39bf6bad]" name="distoryScreenShot" is-config="true" duration-ms="7" started-at="2016-07-12T14:37:02Z" finished-at="2016-07-12T14:37:02Z">
          <reporter-output>
          </reporter-output>
        </test-method> <!-- distoryScreenShot -->
        <test-method status="PASS" signature="setUpAndroidDriver()[pri:0, instance:Appium.elongTest.AppTest@39bf6bad]" name="setUpAndroidDriver" is-config="true" duration-ms="4723" started-at="2016-07-12T14:37:02Z" finished-at="2016-07-12T14:37:06Z">
          <reporter-output>
          </reporter-output>
        </test-method> <!-- setUpAndroidDriver -->
        <test-method status="PASS" signature="testApp()[pri:0, instance:Appium.elongTest.AppTest@39bf6bad]" name="testApp" duration-ms="5053" started-at="2016-07-12T14:37:06Z" finished-at="2016-07-12T14:37:11Z">
          <reporter-output>
          </reporter-output>
        </test-method> <!-- testApp -->
        <test-method status="PASS" signature="distoryDriver()[pri:0, instance:Appium.elongTest.AppTest@39bf6bad]" name="distoryDriver" is-config="true" duration-ms="702" started-at="2016-07-12T14:37:11Z" finished-at="2016-07-12T14:37:12Z">
          <reporter-output>
          </reporter-output>
        </test-method> <!-- distoryDriver -->
      </class> <!-- Appium.elongTest.AppTest -->
    </test> <!-- Default test -->
  </suite> <!-- Default suite -->
</testng-results>
