<?xml version="1.0" encoding="UTF-8"?>
<!-- Generated by org.testng.reporters.JUnitXMLReporter -->
<testsuite hostname="EBJ4468" name="H5" tests="1" failures="1" timestamp="2 Mar 2017 07:23:38 GMT" time="54.581" errors="0">
  <testcase name="testApp" time="31.729" classname="Appium.elongTest.AppTest">
    <failure type="java.lang.IndexOutOfBoundsException" message="Index: 2, Size: 0">
      <![CDATA[java.lang.IndexOutOfBoundsException: Index: 2, Size: 0
	at java.util.ArrayList.rangeCheck(ArrayList.java:604)
	at java.util.ArrayList.get(ArrayList.java:382)
	at com.elong.air.appium.AppPageObjects.AppAirListPage.chooseLine(AppAirListPage.java:28)
	at Appium.elongTest.AppTest.testApp(AppTest.java:28)
	at java.util.concurrent.ThreadPoolExecutor.runWorker(ThreadPoolExecutor.java:1145)
	at java.util.concurrent.ThreadPoolExecutor$Worker.run(ThreadPoolExecutor.java:615)
	at java.lang.Thread.run(Thread.java:722)
... Removed 10 stack frames]]>
    </failure>
  </testcase> <!-- testApp -->
</testsuite> <!-- H5 -->
